{"/Users/bradleypreston/Documents/learning/typescript/library/src/services/book.service.ts": {"path":"/Users/bradleypreston/Documents/learning/typescript/library/src/services/book.service.ts","statementMap":{"0":{"start":{"line":4,"column":0},"end":{"line":4,"column":65}},"1":{"start":{"line":10,"column":2},"end":{"line":10,"column":23}},"2":{"start":{"line":14,"column":24},"end":{"line":14,"column":57}},"3":{"start":{"line":16,"column":2},"end":{"line":18,"column":null}},"4":{"start":{"line":17,"column":3},"end":{"line":17,"column":52}},"5":{"start":{"line":20,"column":2},"end":{"line":20,"column":15}},"6":{"start":{"line":23,"column":24},"end":{"line":23,"column":40}},"7":{"start":{"line":25,"column":2},"end":{"line":27,"column":null}},"8":{"start":{"line":26,"column":3},"end":{"line":26,"column":47}},"9":{"start":{"line":29,"column":28},"end":{"line":31,"column":4}},"10":{"start":{"line":33,"column":2},"end":{"line":35,"column":null}},"11":{"start":{"line":34,"column":3},"end":{"line":34,"column":69}},"12":{"start":{"line":37,"column":2},"end":{"line":37,"column":14}},"13":{"start":{"line":40,"column":22},"end":{"line":40,"column":40}},"14":{"start":{"line":42,"column":2},"end":{"line":44,"column":null}},"15":{"start":{"line":43,"column":3},"end":{"line":43,"column":46}},"16":{"start":{"line":46,"column":21},"end":{"line":46,"column":60}},"17":{"start":{"line":47,"column":2},"end":{"line":47,"column":14}},"18":{"start":{"line":50,"column":24},"end":{"line":50,"column":40}},"19":{"start":{"line":52,"column":2},"end":{"line":54,"column":null}},"20":{"start":{"line":53,"column":3},"end":{"line":53,"column":47}},"21":{"start":{"line":56,"column":33},"end":{"line":58,"column":4}},"22":{"start":{"line":60,"column":2},"end":{"line":62,"column":null}},"23":{"start":{"line":61,"column":3},"end":{"line":61,"column":69}},"24":{"start":{"line":64,"column":22},"end":{"line":64,"column":40}},"25":{"start":{"line":66,"column":2},"end":{"line":68,"column":null}},"26":{"start":{"line":67,"column":3},"end":{"line":67,"column":46}},"27":{"start":{"line":70,"column":28},"end":{"line":73,"column":4}},"28":{"start":{"line":75,"column":2},"end":{"line":75,"column":21}},"29":{"start":{"line":79,"column":24},"end":{"line":79,"column":40}},"30":{"start":{"line":81,"column":2},"end":{"line":83,"column":null}},"31":{"start":{"line":82,"column":3},"end":{"line":82,"column":47}},"32":{"start":{"line":85,"column":33},"end":{"line":87,"column":4}},"33":{"start":{"line":89,"column":2},"end":{"line":91,"column":null}},"34":{"start":{"line":90,"column":3},"end":{"line":90,"column":69}},"35":{"start":{"line":93,"column":2},"end":{"line":95,"column":5}},"36":{"start":{"line":6,"column":0},"end":{"line":6,"column":13}}},"fnMap":{"0":{"name":"(anonymous_0)","decl":{"start":{"line":9,"column":1},"end":{"line":9,"column":13}},"loc":{"start":{"line":9,"column":27},"end":{"line":11,"column":2}}},"1":{"name":"(anonymous_1)","decl":{"start":{"line":13,"column":1},"end":{"line":13,"column":6}},"loc":{"start":{"line":13,"column":13},"end":{"line":21,"column":2}}},"2":{"name":"(anonymous_2)","decl":{"start":{"line":22,"column":1},"end":{"line":22,"column":6}},"loc":{"start":{"line":22,"column":24},"end":{"line":38,"column":2}}},"3":{"name":"(anonymous_3)","decl":{"start":{"line":39,"column":1},"end":{"line":39,"column":6}},"loc":{"start":{"line":39,"column":27},"end":{"line":48,"column":2}}},"4":{"name":"(anonymous_4)","decl":{"start":{"line":49,"column":1},"end":{"line":49,"column":6}},"loc":{"start":{"line":49,"column":39},"end":{"line":76,"column":2}}},"5":{"name":"(anonymous_5)","decl":{"start":{"line":78,"column":1},"end":{"line":78,"column":6}},"loc":{"start":{"line":78,"column":27},"end":{"line":96,"column":2}}}},"branchMap":{"0":{"loc":{"start":{"line":16,"column":2},"end":{"line":18,"column":null}},"type":"if","locations":[{"start":{"line":16,"column":2},"end":{"line":18,"column":null}}]},"1":{"loc":{"start":{"line":25,"column":2},"end":{"line":27,"column":null}},"type":"if","locations":[{"start":{"line":25,"column":2},"end":{"line":27,"column":null}}]},"2":{"loc":{"start":{"line":33,"column":2},"end":{"line":35,"column":null}},"type":"if","locations":[{"start":{"line":33,"column":2},"end":{"line":35,"column":null}}]},"3":{"loc":{"start":{"line":42,"column":2},"end":{"line":44,"column":null}},"type":"if","locations":[{"start":{"line":42,"column":2},"end":{"line":44,"column":null}}]},"4":{"loc":{"start":{"line":52,"column":2},"end":{"line":54,"column":null}},"type":"if","locations":[{"start":{"line":52,"column":2},"end":{"line":54,"column":null}}]},"5":{"loc":{"start":{"line":60,"column":2},"end":{"line":62,"column":null}},"type":"if","locations":[{"start":{"line":60,"column":2},"end":{"line":62,"column":null}}]},"6":{"loc":{"start":{"line":66,"column":2},"end":{"line":68,"column":null}},"type":"if","locations":[{"start":{"line":66,"column":2},"end":{"line":68,"column":null}}]},"7":{"loc":{"start":{"line":81,"column":2},"end":{"line":83,"column":null}},"type":"if","locations":[{"start":{"line":81,"column":2},"end":{"line":83,"column":null}}]},"8":{"loc":{"start":{"line":89,"column":2},"end":{"line":91,"column":null}},"type":"if","locations":[{"start":{"line":89,"column":2},"end":{"line":91,"column":null}}]}},"s":{"0":1,"1":1,"2":3,"3":3,"4":1,"5":2,"6":3,"7":3,"8":1,"9":2,"10":2,"11":1,"12":1,"13":2,"14":2,"15":1,"16":1,"17":1,"18":3,"19":3,"20":0,"21":3,"22":3,"23":1,"24":2,"25":2,"26":1,"27":1,"28":1,"29":1,"30":1,"31":0,"32":1,"33":1,"34":0,"35":1,"36":1},"f":{"0":1,"1":3,"2":3,"3":2,"4":3,"5":1},"b":{"0":[1],"1":[1],"2":[1],"3":[1],"4":[0],"5":[1],"6":[1],"7":[0],"8":[0]}}
,"/Users/bradleypreston/Documents/learning/typescript/library/src/utils/validations/validateBook.ts": {"path":"/Users/bradleypreston/Documents/learning/typescript/library/src/utils/validations/validateBook.ts","statementMap":{"0":{"start":{"line":9,"column":26},"end":{"line":9,"column":28}},"1":{"start":{"line":10,"column":1},"end":{"line":12,"column":null}},"2":{"start":{"line":11,"column":2},"end":{"line":11,"column":41}},"3":{"start":{"line":13,"column":1},"end":{"line":15,"column":null}},"4":{"start":{"line":14,"column":2},"end":{"line":14,"column":42}},"5":{"start":{"line":16,"column":1},"end":{"line":18,"column":null}},"6":{"start":{"line":17,"column":2},"end":{"line":17,"column":45}},"7":{"start":{"line":19,"column":1},"end":{"line":21,"column":null}},"8":{"start":{"line":20,"column":2},"end":{"line":20,"column":40}},"9":{"start":{"line":22,"column":1},"end":{"line":24,"column":null}},"10":{"start":{"line":23,"column":2},"end":{"line":23,"column":51}},"11":{"start":{"line":25,"column":1},"end":{"line":27,"column":null}},"12":{"start":{"line":26,"column":2},"end":{"line":26,"column":50}},"13":{"start":{"line":28,"column":1},"end":{"line":30,"column":null}},"14":{"start":{"line":29,"column":2},"end":{"line":29,"column":52}},"15":{"start":{"line":31,"column":1},"end":{"line":36,"column":null}},"16":{"start":{"line":32,"column":2},"end":{"line":35,"column":4}},"17":{"start":{"line":37,"column":1},"end":{"line":40,"column":3}},"18":{"start":{"line":8,"column":0},"end":{"line":8,"column":16}}},"fnMap":{"0":{"name":"validateBook","decl":{"start":{"line":8,"column":16},"end":{"line":8,"column":28}},"loc":{"start":{"line":8,"column":39},"end":{"line":41,"column":1}}}},"branchMap":{"0":{"loc":{"start":{"line":10,"column":1},"end":{"line":12,"column":null}},"type":"if","locations":[{"start":{"line":10,"column":1},"end":{"line":12,"column":null}}]},"1":{"loc":{"start":{"line":10,"column":5},"end":{"line":10,"column":49}},"type":"binary-expr","locations":[{"start":{"line":10,"column":5},"end":{"line":10,"column":15}},{"start":{"line":10,"column":19},"end":{"line":10,"column":49}}]},"2":{"loc":{"start":{"line":13,"column":1},"end":{"line":15,"column":null}},"type":"if","locations":[{"start":{"line":13,"column":1},"end":{"line":15,"column":null}}]},"3":{"loc":{"start":{"line":13,"column":5},"end":{"line":13,"column":51}},"type":"binary-expr","locations":[{"start":{"line":13,"column":5},"end":{"line":13,"column":16}},{"start":{"line":13,"column":20},"end":{"line":13,"column":51}}]},"4":{"loc":{"start":{"line":16,"column":1},"end":{"line":18,"column":null}},"type":"if","locations":[{"start":{"line":16,"column":1},"end":{"line":18,"column":null}}]},"5":{"loc":{"start":{"line":16,"column":5},"end":{"line":16,"column":57}},"type":"binary-expr","locations":[{"start":{"line":16,"column":5},"end":{"line":16,"column":19}},{"start":{"line":16,"column":23},"end":{"line":16,"column":57}}]},"6":{"loc":{"start":{"line":19,"column":1},"end":{"line":21,"column":null}},"type":"if","locations":[{"start":{"line":19,"column":1},"end":{"line":21,"column":null}}]},"7":{"loc":{"start":{"line":19,"column":5},"end":{"line":19,"column":47}},"type":"binary-expr","locations":[{"start":{"line":19,"column":5},"end":{"line":19,"column":14}},{"start":{"line":19,"column":18},"end":{"line":19,"column":47}}]},"8":{"loc":{"start":{"line":22,"column":1},"end":{"line":24,"column":null}},"type":"if","locations":[{"start":{"line":22,"column":1},"end":{"line":24,"column":null}}]},"9":{"loc":{"start":{"line":22,"column":5},"end":{"line":22,"column":71}},"type":"binary-expr","locations":[{"start":{"line":22,"column":5},"end":{"line":22,"column":26}},{"start":{"line":22,"column":30},"end":{"line":22,"column":71}}]},"10":{"loc":{"start":{"line":25,"column":1},"end":{"line":27,"column":null}},"type":"if","locations":[{"start":{"line":25,"column":1},"end":{"line":27,"column":null}}]},"11":{"loc":{"start":{"line":25,"column":5},"end":{"line":25,"column":69}},"type":"binary-expr","locations":[{"start":{"line":25,"column":5},"end":{"line":25,"column":25}},{"start":{"line":25,"column":29},"end":{"line":25,"column":69}}]},"12":{"loc":{"start":{"line":28,"column":1},"end":{"line":30,"column":null}},"type":"if","locations":[{"start":{"line":28,"column":1},"end":{"line":30,"column":null}}]},"13":{"loc":{"start":{"line":28,"column":5},"end":{"line":28,"column":71}},"type":"binary-expr","locations":[{"start":{"line":28,"column":5},"end":{"line":28,"column":26}},{"start":{"line":28,"column":30},"end":{"line":28,"column":71}}]},"14":{"loc":{"start":{"line":31,"column":1},"end":{"line":36,"column":null}},"type":"if","locations":[{"start":{"line":31,"column":1},"end":{"line":36,"column":null}}]}},"s":{"0":4,"1":4,"2":0,"3":4,"4":0,"5":4,"6":0,"7":4,"8":2,"9":4,"10":0,"11":4,"12":0,"13":4,"14":0,"15":4,"16":2,"17":2,"18":1},"f":{"0":4},"b":{"0":[0],"1":[4,4],"2":[0],"3":[4,4],"4":[0],"5":[4,4],"6":[2],"7":[4,4],"8":[0],"9":[4,4],"10":[0],"11":[4,4],"12":[0],"13":[4,4],"14":[2]}}
}
