TN:
SF:src/services/book.service.ts
FN:9,(anonymous_0)
FN:13,(anonymous_1)
FN:22,(anonymous_2)
FN:39,(anonymous_3)
FN:49,(anonymous_4)
FN:78,(anonymous_5)
FNF:6
FNH:6
FNDA:1,(anonymous_0)
FNDA:3,(anonymous_1)
FNDA:3,(anonymous_2)
FNDA:2,(anonymous_3)
FNDA:3,(anonymous_4)
FNDA:1,(anonymous_5)
DA:4,1
DA:6,1
DA:10,1
DA:14,3
DA:16,3
DA:17,1
DA:20,2
DA:23,3
DA:25,3
DA:26,1
DA:29,2
DA:33,2
DA:34,1
DA:37,1
DA:40,2
DA:42,2
DA:43,1
DA:46,1
DA:47,1
DA:50,3
DA:52,3
DA:53,0
DA:56,3
DA:60,3
DA:61,1
DA:64,2
DA:66,2
DA:67,1
DA:70,1
DA:75,1
DA:79,1
DA:81,1
DA:82,0
DA:85,1
DA:89,1
DA:90,0
DA:93,1
LF:37
LH:34
BRDA:16,0,0,1
BRDA:25,1,0,1
BRDA:33,2,0,1
BRDA:42,3,0,1
BRDA:52,4,0,0
BRDA:60,5,0,1
BRDA:66,6,0,1
BRDA:81,7,0,0
BRDA:89,8,0,0
BRF:9
BRH:6
end_of_record
TN:
SF:src/utils/validations/validateBook.ts
FN:8,validateBook
FNF:1
FNH:1
FNDA:4,validateBook
DA:8,1
DA:9,4
DA:10,4
DA:11,0
DA:13,4
DA:14,0
DA:16,4
DA:17,0
DA:19,4
DA:20,2
DA:22,4
DA:23,0
DA:25,4
DA:26,0
DA:28,4
DA:29,0
DA:31,4
DA:32,2
DA:37,2
LF:19
LH:13
BRDA:10,0,0,0
BRDA:10,1,0,4
BRDA:10,1,1,4
BRDA:13,2,0,0
BRDA:13,3,0,4
BRDA:13,3,1,4
BRDA:16,4,0,0
BRDA:16,5,0,4
BRDA:16,5,1,4
BRDA:19,6,0,2
BRDA:19,7,0,4
BRDA:19,7,1,4
BRDA:22,8,0,0
BRDA:22,9,0,4
BRDA:22,9,1,4
BRDA:25,10,0,0
BRDA:25,11,0,4
BRDA:25,11,1,4
BRDA:28,12,0,0
BRDA:28,13,0,4
BRDA:28,13,1,4
BRDA:31,14,0,2
BRF:22
BRH:16
end_of_record
